f:\myraytracing\myraytracing\oneweekend\debug\vc142.pdb
f:\myraytracing\myraytracing\oneweekend\debug\vc142.idb
f:\myraytracing\myraytracing\oneweekend\debug\sphere.obj
f:\myraytracing\myraytracing\oneweekend\debug\ray.obj
f:\myraytracing\myraytracing\oneweekend\debug\metal.obj
f:\myraytracing\myraytracing\oneweekend\debug\lambertian.obj
f:\myraytracing\myraytracing\oneweekend\debug\hittablelist.obj
f:\myraytracing\myraytracing\oneweekend\debug\hittable.obj
f:\myraytracing\myraytracing\oneweekend\debug\colorwriter.obj
f:\myraytracing\myraytracing\oneweekend\debug\camera.obj
f:\myraytracing\myraytracing\debug\oneweekend.exe
f:\myraytracing\myraytracing\debug\oneweekend.ilk
f:\myraytracing\myraytracing\debug\oneweekend.pdb
f:\myraytracing\myraytracing\oneweekend\debug\oneweekend.obj
f:\myraytracing\myraytracing\oneweekend\debug\oneweekend.tlog\cl.command.1.tlog
f:\myraytracing\myraytracing\oneweekend\debug\oneweekend.tlog\cl.read.1.tlog
f:\myraytracing\myraytracing\oneweekend\debug\oneweekend.tlog\cl.write.1.tlog
f:\myraytracing\myraytracing\oneweekend\debug\oneweekend.tlog\link.command.1.tlog
f:\myraytracing\myraytracing\oneweekend\debug\oneweekend.tlog\link.read.1.tlog
f:\myraytracing\myraytracing\oneweekend\debug\oneweekend.tlog\link.write.1.tlog
