  ColorWriter.cpp
F:\MyRayTracing\eigen\Eigen\src\Core\arch\Default\Half.h(1,1): warning C4819: 该文件包含不能在当前代码页(936)中表示的字符。请将该文件保存为 Unicode 格式以防止数据丢失
F:\MyRayTracing\eigen\Eigen\src\Core\arch\Default\BFloat16.h(1,1): warning C4819: 该文件包含不能在当前代码页(936)中表示的字符。请将该文件保存为 Unicode 格式以防止数据丢失
F:\MyRayTracing\MyRayTracing\OneWeekend\rtUtility.h(43,58): warning C4244: “参数”: 从“double”转换到“const float”，可能丢失数据
F:\MyRayTracing\MyRayTracing\OneWeekend\rtUtility.h(43,42): warning C4244: “参数”: 从“double”转换到“const float”，可能丢失数据
F:\MyRayTracing\MyRayTracing\OneWeekend\rtUtility.h(43,26): warning C4244: “参数”: 从“double”转换到“const float”，可能丢失数据
F:\MyRayTracing\MyRayTracing\OneWeekend\rtUtility.h(48,74): warning C4244: “参数”: 从“double”转换到“const float”，可能丢失数据
F:\MyRayTracing\MyRayTracing\OneWeekend\rtUtility.h(48,50): warning C4244: “参数”: 从“double”转换到“const float”，可能丢失数据
F:\MyRayTracing\MyRayTracing\OneWeekend\rtUtility.h(48,26): warning C4244: “参数”: 从“double”转换到“const float”，可能丢失数据
F:\MyRayTracing\MyRayTracing\OneWeekend\rtUtility.h(56,38): warning C4244: “参数”: 从“double”转换到“const float”，可能丢失数据
F:\MyRayTracing\MyRayTracing\OneWeekend\rtUtility.h(56,28): warning C4244: “参数”: 从“double”转换到“const float”，可能丢失数据
F:\MyRayTracing\MyRayTracing\OneWeekend\rtUtility.h(56,16): warning C4244: “参数”: 从“double”转换到“const float”，可能丢失数据
F:\MyRayTracing\MyRayTracing\OneWeekend\ColorWriter.cpp(17,10): warning C4244: “=”: 从“double”转换到“float”，可能丢失数据
F:\MyRayTracing\MyRayTracing\OneWeekend\ColorWriter.cpp(18,10): warning C4244: “=”: 从“double”转换到“float”，可能丢失数据
F:\MyRayTracing\MyRayTracing\OneWeekend\ColorWriter.cpp(19,10): warning C4244: “=”: 从“double”转换到“float”，可能丢失数据
F:\MyRayTracing\MyRayTracing\OneWeekend\ColorWriter.cpp(36,33): warning C4305: “参数”: 从“double”到“const float”截断
F:\MyRayTracing\MyRayTracing\OneWeekend\ColorWriter.cpp(43,69): warning C4305: “参数”: 从“double”到“const float”截断
F:\MyRayTracing\MyRayTracing\OneWeekend\ColorWriter.cpp(65,65): warning C4305: “参数”: 从“double”到“const float”截断
F:\MyRayTracing\MyRayTracing\OneWeekend\ColorWriter.cpp(95,65): warning C4305: “参数”: 从“double”到“const float”截断
  Lambertian.cpp
F:\MyRayTracing\eigen\Eigen\src\Core\arch\Default\Half.h(1,1): warning C4819: 该文件包含不能在当前代码页(936)中表示的字符。请将该文件保存为 Unicode 格式以防止数据丢失
F:\MyRayTracing\eigen\Eigen\src\Core\arch\Default\BFloat16.h(1,1): warning C4819: 该文件包含不能在当前代码页(936)中表示的字符。请将该文件保存为 Unicode 格式以防止数据丢失
F:\MyRayTracing\MyRayTracing\OneWeekend\rtUtility.h(43,58): warning C4244: “参数”: 从“double”转换到“const float”，可能丢失数据
F:\MyRayTracing\MyRayTracing\OneWeekend\rtUtility.h(43,42): warning C4244: “参数”: 从“double”转换到“const float”，可能丢失数据
F:\MyRayTracing\MyRayTracing\OneWeekend\rtUtility.h(43,26): warning C4244: “参数”: 从“double”转换到“const float”，可能丢失数据
F:\MyRayTracing\MyRayTracing\OneWeekend\rtUtility.h(48,74): warning C4244: “参数”: 从“double”转换到“const float”，可能丢失数据
F:\MyRayTracing\MyRayTracing\OneWeekend\rtUtility.h(48,50): warning C4244: “参数”: 从“double”转换到“const float”，可能丢失数据
F:\MyRayTracing\MyRayTracing\OneWeekend\rtUtility.h(48,26): warning C4244: “参数”: 从“double”转换到“const float”，可能丢失数据
F:\MyRayTracing\MyRayTracing\OneWeekend\rtUtility.h(56,38): warning C4244: “参数”: 从“double”转换到“const float”，可能丢失数据
F:\MyRayTracing\MyRayTracing\OneWeekend\rtUtility.h(56,28): warning C4244: “参数”: 从“double”转换到“const float”，可能丢失数据
F:\MyRayTracing\MyRayTracing\OneWeekend\rtUtility.h(56,16): warning C4244: “参数”: 从“double”转换到“const float”，可能丢失数据
  Metal.cpp
F:\MyRayTracing\eigen\Eigen\src\Core\arch\Default\Half.h(1,1): warning C4819: 该文件包含不能在当前代码页(936)中表示的字符。请将该文件保存为 Unicode 格式以防止数据丢失
F:\MyRayTracing\eigen\Eigen\src\Core\arch\Default\BFloat16.h(1,1): warning C4819: 该文件包含不能在当前代码页(936)中表示的字符。请将该文件保存为 Unicode 格式以防止数据丢失
F:\MyRayTracing\MyRayTracing\OneWeekend\rtUtility.h(43,58): warning C4244: “参数”: 从“double”转换到“const float”，可能丢失数据
F:\MyRayTracing\MyRayTracing\OneWeekend\rtUtility.h(43,42): warning C4244: “参数”: 从“double”转换到“const float”，可能丢失数据
F:\MyRayTracing\MyRayTracing\OneWeekend\rtUtility.h(43,26): warning C4244: “参数”: 从“double”转换到“const float”，可能丢失数据
F:\MyRayTracing\MyRayTracing\OneWeekend\rtUtility.h(48,74): warning C4244: “参数”: 从“double”转换到“const float”，可能丢失数据
F:\MyRayTracing\MyRayTracing\OneWeekend\rtUtility.h(48,50): warning C4244: “参数”: 从“double”转换到“const float”，可能丢失数据
F:\MyRayTracing\MyRayTracing\OneWeekend\rtUtility.h(48,26): warning C4244: “参数”: 从“double”转换到“const float”，可能丢失数据
F:\MyRayTracing\MyRayTracing\OneWeekend\rtUtility.h(56,38): warning C4244: “参数”: 从“double”转换到“const float”，可能丢失数据
F:\MyRayTracing\MyRayTracing\OneWeekend\rtUtility.h(56,28): warning C4244: “参数”: 从“double”转换到“const float”，可能丢失数据
F:\MyRayTracing\MyRayTracing\OneWeekend\rtUtility.h(56,16): warning C4244: “参数”: 从“double”转换到“const float”，可能丢失数据
  OneWeekend.cpp
F:\MyRayTracing\eigen\Eigen\src\Core\arch\Default\Half.h(1,1): warning C4819: 该文件包含不能在当前代码页(936)中表示的字符。请将该文件保存为 Unicode 格式以防止数据丢失
F:\MyRayTracing\eigen\Eigen\src\Core\arch\Default\BFloat16.h(1,1): warning C4819: 该文件包含不能在当前代码页(936)中表示的字符。请将该文件保存为 Unicode 格式以防止数据丢失
F:\MyRayTracing\MyRayTracing\OneWeekend\rtUtility.h(43,58): warning C4244: “参数”: 从“double”转换到“const float”，可能丢失数据
F:\MyRayTracing\MyRayTracing\OneWeekend\rtUtility.h(43,42): warning C4244: “参数”: 从“double”转换到“const float”，可能丢失数据
F:\MyRayTracing\MyRayTracing\OneWeekend\rtUtility.h(43,26): warning C4244: “参数”: 从“double”转换到“const float”，可能丢失数据
F:\MyRayTracing\MyRayTracing\OneWeekend\rtUtility.h(48,74): warning C4244: “参数”: 从“double”转换到“const float”，可能丢失数据
F:\MyRayTracing\MyRayTracing\OneWeekend\rtUtility.h(48,50): warning C4244: “参数”: 从“double”转换到“const float”，可能丢失数据
F:\MyRayTracing\MyRayTracing\OneWeekend\rtUtility.h(48,26): warning C4244: “参数”: 从“double”转换到“const float”，可能丢失数据
F:\MyRayTracing\MyRayTracing\OneWeekend\rtUtility.h(56,38): warning C4244: “参数”: 从“double”转换到“const float”，可能丢失数据
F:\MyRayTracing\MyRayTracing\OneWeekend\rtUtility.h(56,28): warning C4244: “参数”: 从“double”转换到“const float”，可能丢失数据
F:\MyRayTracing\MyRayTracing\OneWeekend\rtUtility.h(56,16): warning C4244: “参数”: 从“double”转换到“const float”，可能丢失数据
F:\MyRayTracing\MyRayTracing\OneWeekend\OneWeekend.cpp(47,68): warning C4305: “参数”: 从“double”到“const float”截断
F:\MyRayTracing\MyRayTracing\OneWeekend\OneWeekend.cpp(48,68): warning C4305: “参数”: 从“double”到“const float”截断
F:\MyRayTracing\MyRayTracing\OneWeekend\OneWeekend.cpp(49,61): warning C4305: “参数”: 从“double”到“const float”截断
F:\MyRayTracing\MyRayTracing\OneWeekend\OneWeekend.cpp(50,62): warning C4305: “参数”: 从“double”到“const float”截断
  正在生成代码...
  OneWeekend.vcxproj -> F:\MyRayTracing\MyRayTracing\Debug\OneWeekend.exe
